2016-05-11 12:18:31,528 INFO  [log] in
2016-05-11 12:18:31,791 INFO  [log] ********** operationName: add **********
2016-05-11 12:18:31,792 INFO  [log] creating WsdlInterface.......
2016-05-11 12:18:32,349 INFO  [log] Skip the param Key::SK_Test case#
2016-05-11 12:18:32,356 INFO  [log] Skip the param Key::SK_Test case description
2016-05-11 12:18:32,357 INFO  [log] paramMap Key::first
2016-05-11 12:18:32,357 INFO  [log] paramMap Key::second
2016-05-11 12:18:32,514 INFO  [log] ----------------Start execution of test case----------------
2016-05-11 12:18:32,579 INFO  [log] xpath::second::value::2
2016-05-11 12:18:32,748 INFO  [log] xpath::first::value::1
2016-05-11 12:18:32,749 INFO  [log] before request::<soapenv:Envelope xmlns:soapenv="http://schemas.xmlsoap.org/soap/envelope/" xmlns:ctit="http://www.dishnetwork.com/wsdl/CtiToolbarCallInfo/CtiToolbarCallInfo-v2.0">
   <soapenv:Header/>
   <soapenv:Body>
      <ctit:addRequest>
         <first>1</first>
         <second>2</second>
      </ctit:addRequest>
   </soapenv:Body>
</soapenv:Envelope>
2016-05-11 12:18:32,802 INFO  [log] !Start TearDown Script execution...................................
2016-05-11 12:29:49,676 INFO  [log] in
2016-05-11 12:29:49,844 INFO  [log] ********** operationName: add **********
2016-05-11 12:29:49,844 INFO  [log] creating WsdlInterface.......
2016-05-11 12:29:50,329 INFO  [log] Skip the param Key::SK_Test case#
2016-05-11 12:29:50,336 INFO  [log] Skip the param Key::SK_Test case description
2016-05-11 12:29:50,336 INFO  [log] paramMap Key::first
2016-05-11 12:29:50,336 INFO  [log] paramMap Key::second
2016-05-11 12:29:50,491 INFO  [log] ----------------Start execution of test case----------------
2016-05-11 12:29:50,551 INFO  [log] xpath::second::value::2
2016-05-11 12:29:50,686 INFO  [log] xpath::first::value::1
2016-05-11 12:29:50,688 INFO  [log] before request::<soapenv:Envelope xmlns:soapenv="http://schemas.xmlsoap.org/soap/envelope/" xmlns:ctit="http://www.dishnetwork.com/wsdl/CtiToolbarCallInfo/CtiToolbarCallInfo-v2.0">
   <soapenv:Header/>
   <soapenv:Body>
      <ctit:addRequest>
         <first>1</first>
         <second>2</second>
      </ctit:addRequest>
   </soapenv:Body>
</soapenv:Envelope>
2016-05-11 12:29:50,856 INFO  [log] !Start TearDown Script execution...................................
2016-05-11 12:42:42,919 INFO  [log] in
2016-05-11 12:42:43,078 INFO  [log] ********** operationName: add **********
2016-05-11 12:42:43,078 INFO  [log] creating WsdlInterface.......
2016-05-11 12:42:43,524 INFO  [log] Skip the param Key::SK_Test case#
2016-05-11 12:42:43,531 INFO  [log] Skip the param Key::SK_Test case description
2016-05-11 12:42:43,531 INFO  [log] paramMap Key::first
2016-05-11 12:42:43,531 INFO  [log] paramMap Key::second
2016-05-11 12:42:43,688 INFO  [log] ----------------Start execution of test case----------------
2016-05-11 12:42:43,746 INFO  [log] xpath::second::value::2
2016-05-11 12:42:43,875 INFO  [log] xpath::first::value::1
2016-05-11 12:42:43,876 INFO  [log] before request::<soapenv:Envelope xmlns:soapenv="http://schemas.xmlsoap.org/soap/envelope/" xmlns:ctit="http://www.dishnetwork.com/wsdl/CtiToolbarCallInfo/CtiToolbarCallInfo-v2.0">
   <soapenv:Header/>
   <soapenv:Body>
      <ctit:addRequest>
         <first>1</first>
         <second>2</second>
      </ctit:addRequest>
   </soapenv:Body>
</soapenv:Envelope>
2016-05-11 12:42:44,011 INFO  [log] !Start TearDown Script execution...................................
2016-05-11 13:01:30,282 INFO  [log] in
2016-05-11 13:01:30,454 INFO  [log] ********** operationName: add **********
2016-05-11 13:01:30,455 INFO  [log] creating WsdlInterface.......
2016-05-11 13:01:30,929 INFO  [log] Skip the param Key::SK_Test case#
2016-05-11 13:01:30,936 INFO  [log] Skip the param Key::SK_Test case description
2016-05-11 13:01:30,937 INFO  [log] paramMap Key::first
2016-05-11 13:01:30,937 INFO  [log] paramMap Key::second
2016-05-11 13:01:31,128 INFO  [log] ----------------Start execution of test case----------------
2016-05-11 13:01:31,200 INFO  [log] xpath::second::value::2
2016-05-11 13:01:31,358 INFO  [log] xpath::first::value::1
2016-05-11 13:01:31,359 INFO  [log] before request::<soapenv:Envelope xmlns:soapenv="http://schemas.xmlsoap.org/soap/envelope/" xmlns:ctit="http://www.dishnetwork.com/wsdl/CtiToolbarCallInfo/CtiToolbarCallInfo-v2.0">
   <soapenv:Header/>
   <soapenv:Body>
      <ctit:addRequest>
         <first>1</first>
         <second>2</second>
      </ctit:addRequest>
   </soapenv:Body>
</soapenv:Envelope>
2016-05-11 13:01:31,470 INFO  [log] ContentAsXml::<soapenv:Envelope xmlns:soapenv="http://schemas.xmlsoap.org/soap/envelope/" xmlns:ctit="http://www.dishnetwork.com/wsdl/CtiToolbarCallInfo/CtiToolbarCallInfo-v2.0">
   <soapenv:Header/>
   <soapenv:Body>
      <ctit:addResponse>
         <SUM>3</SUM>
      </ctit:addResponse>
   </soapenv:Body>
</soapenv:Envelope>
2016-05-11 13:01:31,476 INFO  [log] xpath::second::value::11
2016-05-11 13:01:31,477 INFO  [log] xpath::first::value::2
2016-05-11 13:01:31,478 INFO  [log] before request::<soapenv:Envelope xmlns:soapenv="http://schemas.xmlsoap.org/soap/envelope/" xmlns:ctit="http://www.dishnetwork.com/wsdl/CtiToolbarCallInfo/CtiToolbarCallInfo-v2.0">
   <soapenv:Header/>
   <soapenv:Body>
      <ctit:addRequest>
         <first>2</first>
         <second>11</second>
      </ctit:addRequest>
   </soapenv:Body>
</soapenv:Envelope>
2016-05-11 13:01:31,498 INFO  [log] ContentAsXml::<soapenv:Envelope xmlns:soapenv="http://schemas.xmlsoap.org/soap/envelope/" xmlns:ctit="http://www.dishnetwork.com/wsdl/CtiToolbarCallInfo/CtiToolbarCallInfo-v2.0">
   <soapenv:Header/>
   <soapenv:Body>
      <ctit:addResponse>
         <SUM>13</SUM>
      </ctit:addResponse>
   </soapenv:Body>
</soapenv:Envelope>
2016-05-11 13:01:31,566 INFO  [log] ********** operationName: add **********
2016-05-11 13:01:31,566 INFO  [log] creating WsdlInterface.......
2016-05-11 13:01:31,765 INFO  [log] Skip the param Key::SK_Test case#
2016-05-11 13:01:31,765 INFO  [log] Skip the param Key::SK_Test case description
2016-05-11 13:01:31,765 INFO  [log] paramMap Key::first
2016-05-11 13:01:31,765 INFO  [log] paramMap Key::second
2016-05-11 13:01:31,923 INFO  [log] ----------------Start execution of test case----------------
2016-05-11 13:01:31,982 INFO  [log] xpath::second::value::2
2016-05-11 13:01:31,982 INFO  [log] xpath::first::value::1
2016-05-11 13:01:31,983 INFO  [log] before request::<soapenv:Envelope xmlns:soapenv="http://schemas.xmlsoap.org/soap/envelope/" xmlns:ctit="http://www.dishnetwork.com/wsdl/CtiToolbarCallInfo/CtiToolbarCallInfo-v2.0">
   <soapenv:Header/>
   <soapenv:Body>
      <ctit:addRequest>
         <first>1</first>
         <second>2</second>
      </ctit:addRequest>
   </soapenv:Body>
</soapenv:Envelope>
2016-05-11 13:01:31,995 INFO  [log] ContentAsXml::<soapenv:Envelope xmlns:soapenv="http://schemas.xmlsoap.org/soap/envelope/" xmlns:ctit="http://www.dishnetwork.com/wsdl/CtiToolbarCallInfo/CtiToolbarCallInfo-v2.0">
   <soapenv:Header/>
   <soapenv:Body>
      <ctit:addResponse>
         <SUM>3</SUM>
      </ctit:addResponse>
   </soapenv:Body>
</soapenv:Envelope>
2016-05-11 13:01:31,996 INFO  [log] xpath::second::value::11
2016-05-11 13:01:31,997 INFO  [log] xpath::first::value::2
2016-05-11 13:01:31,998 INFO  [log] before request::<soapenv:Envelope xmlns:soapenv="http://schemas.xmlsoap.org/soap/envelope/" xmlns:ctit="http://www.dishnetwork.com/wsdl/CtiToolbarCallInfo/CtiToolbarCallInfo-v2.0">
   <soapenv:Header/>
   <soapenv:Body>
      <ctit:addRequest>
         <first>2</first>
         <second>11</second>
      </ctit:addRequest>
   </soapenv:Body>
</soapenv:Envelope>
2016-05-11 13:01:32,008 INFO  [log] ContentAsXml::<soapenv:Envelope xmlns:soapenv="http://schemas.xmlsoap.org/soap/envelope/" xmlns:ctit="http://www.dishnetwork.com/wsdl/CtiToolbarCallInfo/CtiToolbarCallInfo-v2.0">
   <soapenv:Header/>
   <soapenv:Body>
      <ctit:addResponse>
         <SUM>13</SUM>
      </ctit:addResponse>
   </soapenv:Body>
</soapenv:Envelope>
2016-05-11 13:01:32,009 INFO  [log] xpath::second::value::11
2016-05-11 13:01:32,009 INFO  [log] xpath::first::value::3
2016-05-11 13:01:32,010 INFO  [log] before request::<soapenv:Envelope xmlns:soapenv="http://schemas.xmlsoap.org/soap/envelope/" xmlns:ctit="http://www.dishnetwork.com/wsdl/CtiToolbarCallInfo/CtiToolbarCallInfo-v2.0">
   <soapenv:Header/>
   <soapenv:Body>
      <ctit:addRequest>
         <first>3</first>
         <second>11</second>
      </ctit:addRequest>
   </soapenv:Body>
</soapenv:Envelope>
2016-05-11 13:01:32,020 INFO  [log] ContentAsXml::<soapenv:Envelope xmlns:soapenv="http://schemas.xmlsoap.org/soap/envelope/" xmlns:ctit="http://www.dishnetwork.com/wsdl/CtiToolbarCallInfo/CtiToolbarCallInfo-v2.0">
   <soapenv:Header/>
   <soapenv:Body>
      <ctit:addResponse>
         <SUM>14</SUM>
      </ctit:addResponse>
   </soapenv:Body>
</soapenv:Envelope>
2016-05-11 13:01:32,021 INFO  [log] Completed the Test Case execution
2016-05-11 13:01:32,038 INFO  [log] !Start TearDown Script execution...................................
2016-05-11 13:03:20,159 INFO  [log] in
2016-05-11 13:03:20,345 INFO  [log] ********** operationName: add **********
2016-05-11 13:03:20,345 INFO  [log] creating WsdlInterface.......
2016-05-11 13:03:20,865 INFO  [log] Skip the param Key::SK_Test case#
2016-05-11 13:03:20,872 INFO  [log] Skip the param Key::SK_Test case description
2016-05-11 13:03:20,873 INFO  [log] paramMap Key::first
2016-05-11 13:03:20,873 INFO  [log] paramMap Key::second
2016-05-11 13:03:21,043 INFO  [log] ----------------Start execution of test case----------------
2016-05-11 13:03:21,112 INFO  [log] xpath::second::value::2
2016-05-11 13:03:21,263 INFO  [log] xpath::first::value::1
2016-05-11 13:03:21,264 INFO  [log] before request::<soapenv:Envelope xmlns:soapenv="http://schemas.xmlsoap.org/soap/envelope/" xmlns:ctit="http://www.dishnetwork.com/wsdl/CtiToolbarCallInfo/CtiToolbarCallInfo-v2.0">
   <soapenv:Header/>
   <soapenv:Body>
      <ctit:addRequest>
         <first>1</first>
         <second>2</second>
      </ctit:addRequest>
   </soapenv:Body>
</soapenv:Envelope>
2016-05-11 13:03:21,429 INFO  [log] ContentAsXml::<soapenv:Envelope xmlns:soapenv="http://schemas.xmlsoap.org/soap/envelope/" xmlns:ctit="http://www.dishnetwork.com/wsdl/CtiToolbarCallInfo/CtiToolbarCallInfo-v2.0">
   <soapenv:Header/>
   <soapenv:Body>
      <ctit:addResponse>
         <SUM>3</SUM>
      </ctit:addResponse>
   </soapenv:Body>
</soapenv:Envelope>
2016-05-11 13:03:21,435 INFO  [log] xpath::second::value::11
2016-05-11 13:03:21,436 INFO  [log] xpath::first::value::2
2016-05-11 13:03:21,436 INFO  [log] before request::<soapenv:Envelope xmlns:soapenv="http://schemas.xmlsoap.org/soap/envelope/" xmlns:ctit="http://www.dishnetwork.com/wsdl/CtiToolbarCallInfo/CtiToolbarCallInfo-v2.0">
   <soapenv:Header/>
   <soapenv:Body>
      <ctit:addRequest>
         <first>2</first>
         <second>11</second>
      </ctit:addRequest>
   </soapenv:Body>
</soapenv:Envelope>
2016-05-11 13:03:21,453 INFO  [log] ContentAsXml::<soapenv:Envelope xmlns:soapenv="http://schemas.xmlsoap.org/soap/envelope/" xmlns:ctit="http://www.dishnetwork.com/wsdl/CtiToolbarCallInfo/CtiToolbarCallInfo-v2.0">
   <soapenv:Header/>
   <soapenv:Body>
      <ctit:addResponse>
         <SUM>13</SUM>
      </ctit:addResponse>
   </soapenv:Body>
</soapenv:Envelope>
2016-05-11 13:03:21,515 INFO  [log] ********** operationName: add **********
2016-05-11 13:03:21,515 INFO  [log] creating WsdlInterface.......
2016-05-11 13:03:21,718 INFO  [log] Skip the param Key::SK_Test case#
2016-05-11 13:03:21,718 INFO  [log] Skip the param Key::SK_Test case description
2016-05-11 13:03:21,718 INFO  [log] paramMap Key::first
2016-05-11 13:03:21,718 INFO  [log] paramMap Key::second
2016-05-11 13:03:21,879 INFO  [log] ----------------Start execution of test case----------------
2016-05-11 13:03:21,935 INFO  [log] xpath::second::value::2
2016-05-11 13:03:21,939 INFO  [log] xpath::first::value::1
2016-05-11 13:03:21,940 INFO  [log] before request::<soapenv:Envelope xmlns:soapenv="http://schemas.xmlsoap.org/soap/envelope/" xmlns:ctit="http://www.dishnetwork.com/wsdl/CtiToolbarCallInfo/CtiToolbarCallInfo-v2.0">
   <soapenv:Header/>
   <soapenv:Body>
      <ctit:addRequest>
         <first>1</first>
         <second>2</second>
      </ctit:addRequest>
   </soapenv:Body>
</soapenv:Envelope>
2016-05-11 13:03:21,951 INFO  [log] ContentAsXml::<soapenv:Envelope xmlns:soapenv="http://schemas.xmlsoap.org/soap/envelope/" xmlns:ctit="http://www.dishnetwork.com/wsdl/CtiToolbarCallInfo/CtiToolbarCallInfo-v2.0">
   <soapenv:Header/>
   <soapenv:Body>
      <ctit:addResponse>
         <SUM>3</SUM>
      </ctit:addResponse>
   </soapenv:Body>
</soapenv:Envelope>
2016-05-11 13:03:21,952 INFO  [log] xpath::second::value::11
2016-05-11 13:03:21,953 INFO  [log] xpath::first::value::2
2016-05-11 13:03:21,954 INFO  [log] before request::<soapenv:Envelope xmlns:soapenv="http://schemas.xmlsoap.org/soap/envelope/" xmlns:ctit="http://www.dishnetwork.com/wsdl/CtiToolbarCallInfo/CtiToolbarCallInfo-v2.0">
   <soapenv:Header/>
   <soapenv:Body>
      <ctit:addRequest>
         <first>2</first>
         <second>11</second>
      </ctit:addRequest>
   </soapenv:Body>
</soapenv:Envelope>
2016-05-11 13:03:21,964 INFO  [log] ContentAsXml::<soapenv:Envelope xmlns:soapenv="http://schemas.xmlsoap.org/soap/envelope/" xmlns:ctit="http://www.dishnetwork.com/wsdl/CtiToolbarCallInfo/CtiToolbarCallInfo-v2.0">
   <soapenv:Header/>
   <soapenv:Body>
      <ctit:addResponse>
         <SUM>13</SUM>
      </ctit:addResponse>
   </soapenv:Body>
</soapenv:Envelope>
2016-05-11 13:03:21,965 INFO  [log] xpath::second::value::11
2016-05-11 13:03:21,966 INFO  [log] xpath::first::value::3
2016-05-11 13:03:21,966 INFO  [log] before request::<soapenv:Envelope xmlns:soapenv="http://schemas.xmlsoap.org/soap/envelope/" xmlns:ctit="http://www.dishnetwork.com/wsdl/CtiToolbarCallInfo/CtiToolbarCallInfo-v2.0">
   <soapenv:Header/>
   <soapenv:Body>
      <ctit:addRequest>
         <first>3</first>
         <second>11</second>
      </ctit:addRequest>
   </soapenv:Body>
</soapenv:Envelope>
2016-05-11 13:03:21,976 INFO  [log] ContentAsXml::<soapenv:Envelope xmlns:soapenv="http://schemas.xmlsoap.org/soap/envelope/" xmlns:ctit="http://www.dishnetwork.com/wsdl/CtiToolbarCallInfo/CtiToolbarCallInfo-v2.0">
   <soapenv:Header/>
   <soapenv:Body>
      <ctit:addResponse>
         <SUM>14</SUM>
      </ctit:addResponse>
   </soapenv:Body>
</soapenv:Envelope>
2016-05-11 13:03:21,977 INFO  [log] Completed the Test Case execution
2016-05-11 13:03:22,187 INFO  [log] !Start TearDown Script execution...................................
2016-05-11 13:17:06,317 INFO  [log] in
2016-05-11 13:17:06,496 INFO  [log] ********** operationName: add **********
2016-05-11 13:17:06,496 INFO  [log] creating WsdlInterface.......
2016-05-11 13:17:06,988 INFO  [log] Skip the param Key::SK_Test case#
2016-05-11 13:17:06,996 INFO  [log] Skip the param Key::SK_Test case description
2016-05-11 13:17:06,996 INFO  [log] paramMap Key::first
2016-05-11 13:17:06,996 INFO  [log] paramMap Key::second
2016-05-11 13:17:07,157 INFO  [log] ----------------Start execution of test case----------------
2016-05-11 13:17:07,223 INFO  [log] xpath::second::value::2
2016-05-11 13:17:07,374 INFO  [log] xpath::first::value::1
2016-05-11 13:17:07,375 INFO  [log] before request::<soapenv:Envelope xmlns:soapenv="http://schemas.xmlsoap.org/soap/envelope/" xmlns:ctit="http://www.dishnetwork.com/wsdl/CtiToolbarCallInfo/CtiToolbarCallInfo-v2.0">
   <soapenv:Header/>
   <soapenv:Body>
      <ctit:addRequest>
         <first>1</first>
         <second>2</second>
      </ctit:addRequest>
   </soapenv:Body>
</soapenv:Envelope>
2016-05-11 13:17:07,523 INFO  [log] ContentAsXml::<soapenv:Envelope xmlns:soapenv="http://schemas.xmlsoap.org/soap/envelope/" xmlns:ctit="http://www.dishnetwork.com/wsdl/CtiToolbarCallInfo/CtiToolbarCallInfo-v2.0">
   <soapenv:Header/>
   <soapenv:Body>
      <ctit:addResponse>
         <SUM>3</SUM>
      </ctit:addResponse>
   </soapenv:Body>
</soapenv:Envelope>
2016-05-11 13:17:07,529 INFO  [log] xpath::second::value::11
2016-05-11 13:17:07,530 INFO  [log] xpath::first::value::2
2016-05-11 13:17:07,531 INFO  [log] before request::<soapenv:Envelope xmlns:soapenv="http://schemas.xmlsoap.org/soap/envelope/" xmlns:ctit="http://www.dishnetwork.com/wsdl/CtiToolbarCallInfo/CtiToolbarCallInfo-v2.0">
   <soapenv:Header/>
   <soapenv:Body>
      <ctit:addRequest>
         <first>2</first>
         <second>11</second>
      </ctit:addRequest>
   </soapenv:Body>
</soapenv:Envelope>
2016-05-11 13:17:07,546 INFO  [log] ContentAsXml::<soapenv:Envelope xmlns:soapenv="http://schemas.xmlsoap.org/soap/envelope/" xmlns:ctit="http://www.dishnetwork.com/wsdl/CtiToolbarCallInfo/CtiToolbarCallInfo-v2.0">
   <soapenv:Header/>
   <soapenv:Body>
      <ctit:addResponse>
         <SUM>13</SUM>
      </ctit:addResponse>
   </soapenv:Body>
</soapenv:Envelope>
2016-05-11 13:17:07,608 INFO  [log] ********** operationName: add **********
2016-05-11 13:17:07,608 INFO  [log] creating WsdlInterface.......
2016-05-11 13:17:07,817 INFO  [log] Skip the param Key::SK_Test case#
2016-05-11 13:17:07,817 INFO  [log] Skip the param Key::SK_Test case description
2016-05-11 13:17:07,817 INFO  [log] paramMap Key::first
2016-05-11 13:17:07,817 INFO  [log] paramMap Key::second
2016-05-11 13:17:07,973 INFO  [log] ----------------Start execution of test case----------------
2016-05-11 13:17:08,032 INFO  [log] xpath::second::value::2
2016-05-11 13:17:08,036 INFO  [log] xpath::first::value::1
2016-05-11 13:17:08,037 INFO  [log] before request::<soapenv:Envelope xmlns:soapenv="http://schemas.xmlsoap.org/soap/envelope/" xmlns:ctit="http://www.dishnetwork.com/wsdl/CtiToolbarCallInfo/CtiToolbarCallInfo-v2.0">
   <soapenv:Header/>
   <soapenv:Body>
      <ctit:addRequest>
         <first>1</first>
         <second>2</second>
      </ctit:addRequest>
   </soapenv:Body>
</soapenv:Envelope>
2016-05-11 13:17:08,049 INFO  [log] ContentAsXml::<soapenv:Envelope xmlns:soapenv="http://schemas.xmlsoap.org/soap/envelope/" xmlns:ctit="http://www.dishnetwork.com/wsdl/CtiToolbarCallInfo/CtiToolbarCallInfo-v2.0">
   <soapenv:Header/>
   <soapenv:Body>
      <ctit:addResponse>
         <SUM>3</SUM>
      </ctit:addResponse>
   </soapenv:Body>
</soapenv:Envelope>
2016-05-11 13:17:08,050 INFO  [log] xpath::second::value::11
2016-05-11 13:17:08,051 INFO  [log] xpath::first::value::2
2016-05-11 13:17:08,051 INFO  [log] before request::<soapenv:Envelope xmlns:soapenv="http://schemas.xmlsoap.org/soap/envelope/" xmlns:ctit="http://www.dishnetwork.com/wsdl/CtiToolbarCallInfo/CtiToolbarCallInfo-v2.0">
   <soapenv:Header/>
   <soapenv:Body>
      <ctit:addRequest>
         <first>2</first>
         <second>11</second>
      </ctit:addRequest>
   </soapenv:Body>
</soapenv:Envelope>
2016-05-11 13:17:08,062 INFO  [log] ContentAsXml::<soapenv:Envelope xmlns:soapenv="http://schemas.xmlsoap.org/soap/envelope/" xmlns:ctit="http://www.dishnetwork.com/wsdl/CtiToolbarCallInfo/CtiToolbarCallInfo-v2.0">
   <soapenv:Header/>
   <soapenv:Body>
      <ctit:addResponse>
         <SUM>13</SUM>
      </ctit:addResponse>
   </soapenv:Body>
</soapenv:Envelope>
2016-05-11 13:17:08,063 INFO  [log] xpath::second::value::11
2016-05-11 13:17:08,064 INFO  [log] xpath::first::value::3
2016-05-11 13:17:08,064 INFO  [log] before request::<soapenv:Envelope xmlns:soapenv="http://schemas.xmlsoap.org/soap/envelope/" xmlns:ctit="http://www.dishnetwork.com/wsdl/CtiToolbarCallInfo/CtiToolbarCallInfo-v2.0">
   <soapenv:Header/>
   <soapenv:Body>
      <ctit:addRequest>
         <first>3</first>
         <second>11</second>
      </ctit:addRequest>
   </soapenv:Body>
</soapenv:Envelope>
2016-05-11 13:17:08,077 INFO  [log] ContentAsXml::<soapenv:Envelope xmlns:soapenv="http://schemas.xmlsoap.org/soap/envelope/" xmlns:ctit="http://www.dishnetwork.com/wsdl/CtiToolbarCallInfo/CtiToolbarCallInfo-v2.0">
   <soapenv:Header/>
   <soapenv:Body>
      <ctit:addResponse>
         <SUM>14</SUM>
      </ctit:addResponse>
   </soapenv:Body>
</soapenv:Envelope>
2016-05-11 13:17:08,078 INFO  [log] Completed the Test Case execution
2016-05-11 13:17:08,099 INFO  [log] !Start TearDown Script execution...................................
2016-05-11 13:39:07,728 INFO  [log] in
2016-05-11 13:39:07,878 INFO  [log] ********** operationName: add **********
2016-05-11 13:39:07,879 INFO  [log] creating WsdlInterface.......
2016-05-11 13:39:08,349 INFO  [log] Skip the param Key::SK_Test case#
2016-05-11 13:39:08,356 INFO  [log] Skip the param Key::SK_Test case description
2016-05-11 13:39:08,357 INFO  [log] paramMap Key::first
2016-05-11 13:39:08,357 INFO  [log] paramMap Key::second
2016-05-11 13:39:08,546 INFO  [log] ----------------Start execution of test case----------------
2016-05-11 13:39:08,621 INFO  [log] xpath::second::value::2
2016-05-11 13:39:08,764 INFO  [log] xpath::first::value::1
2016-05-11 13:39:08,765 INFO  [log] before request::<soapenv:Envelope xmlns:soapenv="http://schemas.xmlsoap.org/soap/envelope/" xmlns:ctit="http://www.dishnetwork.com/wsdl/CtiToolbarCallInfo/CtiToolbarCallInfo-v2.0">
   <soapenv:Header/>
   <soapenv:Body>
      <ctit:addRequest>
         <first>1</first>
         <second>2</second>
      </ctit:addRequest>
   </soapenv:Body>
</soapenv:Envelope>
2016-05-11 13:39:08,900 INFO  [log] ContentAsXml::<soapenv:Envelope xmlns:soapenv="http://schemas.xmlsoap.org/soap/envelope/" xmlns:ctit="http://www.dishnetwork.com/wsdl/CtiToolbarCallInfo/CtiToolbarCallInfo-v2.0">
   <soapenv:Header/>
   <soapenv:Body>
      <ctit:addResponse>
         <SUM>3</SUM>
      </ctit:addResponse>
   </soapenv:Body>
</soapenv:Envelope>
2016-05-11 13:39:08,902 INFO  [log] xpathSUM
2016-05-11 13:39:08,906 INFO  [log] xpath::second::value::11
2016-05-11 13:39:08,907 INFO  [log] xpath::first::value::2
2016-05-11 13:39:08,907 INFO  [log] before request::<soapenv:Envelope xmlns:soapenv="http://schemas.xmlsoap.org/soap/envelope/" xmlns:ctit="http://www.dishnetwork.com/wsdl/CtiToolbarCallInfo/CtiToolbarCallInfo-v2.0">
   <soapenv:Header/>
   <soapenv:Body>
      <ctit:addRequest>
         <first>2</first>
         <second>11</second>
      </ctit:addRequest>
   </soapenv:Body>
</soapenv:Envelope>
2016-05-11 13:39:08,927 INFO  [log] ContentAsXml::<soapenv:Envelope xmlns:soapenv="http://schemas.xmlsoap.org/soap/envelope/" xmlns:ctit="http://www.dishnetwork.com/wsdl/CtiToolbarCallInfo/CtiToolbarCallInfo-v2.0">
   <soapenv:Header/>
   <soapenv:Body>
      <ctit:addResponse>
         <SUM>13</SUM>
      </ctit:addResponse>
   </soapenv:Body>
</soapenv:Envelope>
2016-05-11 13:39:08,927 INFO  [log] xpathSUM
2016-05-11 13:39:08,988 INFO  [log] ********** operationName: add **********
2016-05-11 13:39:08,988 INFO  [log] creating WsdlInterface.......
2016-05-11 13:39:09,206 INFO  [log] Skip the param Key::SK_Test case#
2016-05-11 13:39:09,206 INFO  [log] Skip the param Key::SK_Test case description
2016-05-11 13:39:09,206 INFO  [log] paramMap Key::first
2016-05-11 13:39:09,206 INFO  [log] paramMap Key::second
2016-05-11 13:39:09,360 INFO  [log] ----------------Start execution of test case----------------
2016-05-11 13:39:09,411 INFO  [log] xpath::second::value::2
2016-05-11 13:39:09,412 INFO  [log] xpath::first::value::1
2016-05-11 13:39:09,412 INFO  [log] before request::<soapenv:Envelope xmlns:soapenv="http://schemas.xmlsoap.org/soap/envelope/" xmlns:ctit="http://www.dishnetwork.com/wsdl/CtiToolbarCallInfo/CtiToolbarCallInfo-v2.0">
   <soapenv:Header/>
   <soapenv:Body>
      <ctit:addRequest>
         <first>1</first>
         <second>2</second>
      </ctit:addRequest>
   </soapenv:Body>
</soapenv:Envelope>
2016-05-11 13:39:09,425 INFO  [log] ContentAsXml::<soapenv:Envelope xmlns:soapenv="http://schemas.xmlsoap.org/soap/envelope/" xmlns:ctit="http://www.dishnetwork.com/wsdl/CtiToolbarCallInfo/CtiToolbarCallInfo-v2.0">
   <soapenv:Header/>
   <soapenv:Body>
      <ctit:addResponse>
         <SUM>3</SUM>
      </ctit:addResponse>
   </soapenv:Body>
</soapenv:Envelope>
2016-05-11 13:39:09,426 INFO  [log] xpath::second::value::11
2016-05-11 13:39:09,427 INFO  [log] xpath::first::value::2
2016-05-11 13:39:09,427 INFO  [log] before request::<soapenv:Envelope xmlns:soapenv="http://schemas.xmlsoap.org/soap/envelope/" xmlns:ctit="http://www.dishnetwork.com/wsdl/CtiToolbarCallInfo/CtiToolbarCallInfo-v2.0">
   <soapenv:Header/>
   <soapenv:Body>
      <ctit:addRequest>
         <first>2</first>
         <second>11</second>
      </ctit:addRequest>
   </soapenv:Body>
</soapenv:Envelope>
2016-05-11 13:39:09,436 INFO  [log] ContentAsXml::<soapenv:Envelope xmlns:soapenv="http://schemas.xmlsoap.org/soap/envelope/" xmlns:ctit="http://www.dishnetwork.com/wsdl/CtiToolbarCallInfo/CtiToolbarCallInfo-v2.0">
   <soapenv:Header/>
   <soapenv:Body>
      <ctit:addResponse>
         <SUM>13</SUM>
      </ctit:addResponse>
   </soapenv:Body>
</soapenv:Envelope>
2016-05-11 13:39:09,437 INFO  [log] xpath::second::value::11
2016-05-11 13:39:09,438 INFO  [log] xpath::first::value::3
2016-05-11 13:39:09,439 INFO  [log] before request::<soapenv:Envelope xmlns:soapenv="http://schemas.xmlsoap.org/soap/envelope/" xmlns:ctit="http://www.dishnetwork.com/wsdl/CtiToolbarCallInfo/CtiToolbarCallInfo-v2.0">
   <soapenv:Header/>
   <soapenv:Body>
      <ctit:addRequest>
         <first>3</first>
         <second>11</second>
      </ctit:addRequest>
   </soapenv:Body>
</soapenv:Envelope>
2016-05-11 13:39:09,448 INFO  [log] ContentAsXml::<soapenv:Envelope xmlns:soapenv="http://schemas.xmlsoap.org/soap/envelope/" xmlns:ctit="http://www.dishnetwork.com/wsdl/CtiToolbarCallInfo/CtiToolbarCallInfo-v2.0">
   <soapenv:Header/>
   <soapenv:Body>
      <ctit:addResponse>
         <SUM>14</SUM>
      </ctit:addResponse>
   </soapenv:Body>
</soapenv:Envelope>
2016-05-11 13:39:09,449 INFO  [log] Completed the Test Case execution
2016-05-11 13:39:09,467 INFO  [log] !Start TearDown Script execution...................................
2016-05-11 13:39:09,475 INFO  [log] ********0
2016-05-11 13:39:09,475 INFO  [log] responseDataSheetName: addRes
2016-05-11 13:39:09,602 INFO  [log] responseDataSheetName: addRes1
2016-05-11 13:39:09,816 INFO  [log] Finished
