2016-05-11 12:18:32,780 ERROR [errorlog] java.lang.NoClassDefFoundError: org/apache/commons/lang/NotImplementedException
java.lang.NoClassDefFoundError: org/apache/commons/lang/NotImplementedException
	at com.eviware.soapui.impl.wsdl.submit.RequestTransportRegistry.<clinit>(RequestTransportRegistry.java:47)
	at com.eviware.soapui.impl.wsdl.WsdlRequest.submit(WsdlRequest.java:240)
	at com.eviware.soapui.impl.wsdl.WsdlRequest.submit(WsdlRequest.java:67)
	at com.eviware.soapui.model.iface.Request$submit.call(Unknown Source)
	at org.codehaus.groovy.runtime.callsite.CallSiteArray.defaultCall(CallSiteArray.java:42)
	at org.codehaus.groovy.runtime.callsite.AbstractCallSite.call(AbstractCallSite.java:108)
	at org.codehaus.groovy.runtime.callsite.AbstractCallSite.call(AbstractCallSite.java:120)
	at Script1.run(Script1.groovy:234)
	at com.eviware.soapui.support.scripting.groovy.SoapUIGroovyScriptEngine.run(SoapUIGroovyScriptEngine.java:100)
	at com.eviware.soapui.impl.wsdl.teststeps.WsdlGroovyScriptTestStep.run(WsdlGroovyScriptTestStep.java:154)
	at com.eviware.soapui.impl.wsdl.support.AbstractTestCaseRunner.runTestStep(AbstractTestCaseRunner.java:239)
	at com.eviware.soapui.impl.wsdl.testcase.WsdlTestCaseRunner.runCurrentTestStep(WsdlTestCaseRunner.java:52)
	at com.eviware.soapui.impl.wsdl.support.AbstractTestCaseRunner.internalRun(AbstractTestCaseRunner.java:152)
	at com.eviware.soapui.impl.wsdl.support.AbstractTestCaseRunner.internalRun(AbstractTestCaseRunner.java:47)
	at com.eviware.soapui.impl.wsdl.support.AbstractTestRunner.run(AbstractTestRunner.java:139)
	at java.util.concurrent.Executors$RunnableAdapter.call(Executors.java:471)
	at java.util.concurrent.FutureTask.run(FutureTask.java:262)
	at java.util.concurrent.ThreadPoolExecutor.runWorker(ThreadPoolExecutor.java:1145)
	at java.util.concurrent.ThreadPoolExecutor$Worker.run(ThreadPoolExecutor.java:615)
	at java.lang.Thread.run(Thread.java:745)
Caused by: java.lang.ClassNotFoundException: org.apache.commons.lang.NotImplementedException
	at java.net.URLClassLoader$1.run(URLClassLoader.java:366)
	at java.net.URLClassLoader$1.run(URLClassLoader.java:355)
	at java.security.AccessController.doPrivileged(Native Method)
	at java.net.URLClassLoader.findClass(URLClassLoader.java:354)
	at java.lang.ClassLoader.loadClass(ClassLoader.java:425)
	at sun.misc.Launcher$AppClassLoader.loadClass(Launcher.java:308)
	at java.lang.ClassLoader.loadClass(ClassLoader.java:358)
	... 20 more
2016-05-11 12:18:32,815 ERROR [errorlog] java.lang.NullPointerException: Cannot get property 'length' on null object
java.lang.NullPointerException: Cannot get property 'length' on null object
	at org.codehaus.groovy.runtime.NullObject.getProperty(NullObject.java:56)
	at org.codehaus.groovy.runtime.InvokerHelper.getProperty(InvokerHelper.java:156)
	at org.codehaus.groovy.runtime.callsite.NullCallSite.getProperty(NullCallSite.java:44)
	at org.codehaus.groovy.runtime.callsite.AbstractCallSite.callGetProperty(AbstractCallSite.java:227)
	at Script1.run(Script1.groovy:20)
	at com.eviware.soapui.support.scripting.groovy.SoapUIGroovyScriptEngine.run(SoapUIGroovyScriptEngine.java:100)
	at com.eviware.soapui.impl.wsdl.WsdlTestSuite.runTearDownScript(WsdlTestSuite.java:533)
	at com.eviware.soapui.impl.wsdl.testcase.WsdlTestSuiteRunner.internalFinally(WsdlTestSuiteRunner.java:188)
	at com.eviware.soapui.impl.wsdl.testcase.WsdlTestSuiteRunner.internalFinally(WsdlTestSuiteRunner.java:46)
	at com.eviware.soapui.impl.wsdl.support.AbstractTestRunner.run(AbstractTestRunner.java:167)
	at com.eviware.soapui.impl.wsdl.support.AbstractTestRunner.start(AbstractTestRunner.java:81)
	at com.eviware.soapui.impl.wsdl.WsdlTestSuite.run(WsdlTestSuite.java:732)
	at com.xavient.soapui.process.SoapUiServiceResult.executeSoap(SoapUiServiceResult.java:266)
	at com.xavient.soapui.process.SoapUiServiceResult.main(SoapUiServiceResult.java:464)
2016-05-11 12:29:50,833 ERROR [errorlog] java.lang.NoClassDefFoundError: net/sf/json/JSONException
java.lang.NoClassDefFoundError: net/sf/json/JSONException
	at com.eviware.soapui.impl.rest.support.MediaTypeHandlerRegistry.<clinit>(MediaTypeHandlerRegistry.java:33)
	at com.eviware.soapui.impl.wsdl.submit.transports.http.BaseHttpResponse.getContentAsXml(BaseHttpResponse.java:461)
	at com.eviware.soapui.model.iface.Response$getContentAsXml.call(Unknown Source)
	at org.codehaus.groovy.runtime.callsite.CallSiteArray.defaultCall(CallSiteArray.java:42)
	at org.codehaus.groovy.runtime.callsite.AbstractCallSite.call(AbstractCallSite.java:108)
	at org.codehaus.groovy.runtime.callsite.AbstractCallSite.call(AbstractCallSite.java:112)
	at Script1.run(Script1.groovy:236)
	at com.eviware.soapui.support.scripting.groovy.SoapUIGroovyScriptEngine.run(SoapUIGroovyScriptEngine.java:100)
	at com.eviware.soapui.impl.wsdl.teststeps.WsdlGroovyScriptTestStep.run(WsdlGroovyScriptTestStep.java:154)
	at com.eviware.soapui.impl.wsdl.support.AbstractTestCaseRunner.runTestStep(AbstractTestCaseRunner.java:239)
	at com.eviware.soapui.impl.wsdl.testcase.WsdlTestCaseRunner.runCurrentTestStep(WsdlTestCaseRunner.java:52)
	at com.eviware.soapui.impl.wsdl.support.AbstractTestCaseRunner.internalRun(AbstractTestCaseRunner.java:152)
	at com.eviware.soapui.impl.wsdl.support.AbstractTestCaseRunner.internalRun(AbstractTestCaseRunner.java:47)
	at com.eviware.soapui.impl.wsdl.support.AbstractTestRunner.run(AbstractTestRunner.java:139)
	at java.util.concurrent.Executors$RunnableAdapter.call(Executors.java:471)
	at java.util.concurrent.FutureTask.run(FutureTask.java:262)
	at java.util.concurrent.ThreadPoolExecutor.runWorker(ThreadPoolExecutor.java:1145)
	at java.util.concurrent.ThreadPoolExecutor$Worker.run(ThreadPoolExecutor.java:615)
	at java.lang.Thread.run(Thread.java:745)
Caused by: java.lang.ClassNotFoundException: net.sf.json.JSONException
	at java.net.URLClassLoader$1.run(URLClassLoader.java:366)
	at java.net.URLClassLoader$1.run(URLClassLoader.java:355)
	at java.security.AccessController.doPrivileged(Native Method)
	at java.net.URLClassLoader.findClass(URLClassLoader.java:354)
	at java.lang.ClassLoader.loadClass(ClassLoader.java:425)
	at sun.misc.Launcher$AppClassLoader.loadClass(Launcher.java:308)
	at java.lang.ClassLoader.loadClass(ClassLoader.java:358)
	... 19 more
2016-05-11 12:29:50,865 ERROR [errorlog] java.lang.NullPointerException: Cannot get property 'length' on null object
java.lang.NullPointerException: Cannot get property 'length' on null object
	at org.codehaus.groovy.runtime.NullObject.getProperty(NullObject.java:56)
	at org.codehaus.groovy.runtime.InvokerHelper.getProperty(InvokerHelper.java:156)
	at org.codehaus.groovy.runtime.callsite.NullCallSite.getProperty(NullCallSite.java:44)
	at org.codehaus.groovy.runtime.callsite.AbstractCallSite.callGetProperty(AbstractCallSite.java:227)
	at Script1.run(Script1.groovy:20)
	at com.eviware.soapui.support.scripting.groovy.SoapUIGroovyScriptEngine.run(SoapUIGroovyScriptEngine.java:100)
	at com.eviware.soapui.impl.wsdl.WsdlTestSuite.runTearDownScript(WsdlTestSuite.java:533)
	at com.eviware.soapui.impl.wsdl.testcase.WsdlTestSuiteRunner.internalFinally(WsdlTestSuiteRunner.java:188)
	at com.eviware.soapui.impl.wsdl.testcase.WsdlTestSuiteRunner.internalFinally(WsdlTestSuiteRunner.java:46)
	at com.eviware.soapui.impl.wsdl.support.AbstractTestRunner.run(AbstractTestRunner.java:167)
	at com.eviware.soapui.impl.wsdl.support.AbstractTestRunner.start(AbstractTestRunner.java:81)
	at com.eviware.soapui.impl.wsdl.WsdlTestSuite.run(WsdlTestSuite.java:732)
	at com.xavient.soapui.process.SoapUiServiceResult.executeSoap(SoapUiServiceResult.java:266)
	at com.xavient.soapui.process.SoapUiServiceResult.main(SoapUiServiceResult.java:464)
2016-05-11 12:42:43,993 ERROR [errorlog] java.lang.NoClassDefFoundError: net/sf/json/JSONException
java.lang.NoClassDefFoundError: net/sf/json/JSONException
	at com.eviware.soapui.impl.rest.support.MediaTypeHandlerRegistry.<clinit>(MediaTypeHandlerRegistry.java:33)
	at com.eviware.soapui.impl.wsdl.submit.transports.http.BaseHttpResponse.getContentAsXml(BaseHttpResponse.java:461)
	at com.eviware.soapui.model.iface.Response$getContentAsXml.call(Unknown Source)
	at org.codehaus.groovy.runtime.callsite.CallSiteArray.defaultCall(CallSiteArray.java:42)
	at org.codehaus.groovy.runtime.callsite.AbstractCallSite.call(AbstractCallSite.java:108)
	at org.codehaus.groovy.runtime.callsite.AbstractCallSite.call(AbstractCallSite.java:112)
	at Script1.run(Script1.groovy:236)
	at com.eviware.soapui.support.scripting.groovy.SoapUIGroovyScriptEngine.run(SoapUIGroovyScriptEngine.java:100)
	at com.eviware.soapui.impl.wsdl.teststeps.WsdlGroovyScriptTestStep.run(WsdlGroovyScriptTestStep.java:154)
	at com.eviware.soapui.impl.wsdl.support.AbstractTestCaseRunner.runTestStep(AbstractTestCaseRunner.java:239)
	at com.eviware.soapui.impl.wsdl.testcase.WsdlTestCaseRunner.runCurrentTestStep(WsdlTestCaseRunner.java:52)
	at com.eviware.soapui.impl.wsdl.support.AbstractTestCaseRunner.internalRun(AbstractTestCaseRunner.java:152)
	at com.eviware.soapui.impl.wsdl.support.AbstractTestCaseRunner.internalRun(AbstractTestCaseRunner.java:47)
	at com.eviware.soapui.impl.wsdl.support.AbstractTestRunner.run(AbstractTestRunner.java:139)
	at java.util.concurrent.Executors$RunnableAdapter.call(Executors.java:471)
	at java.util.concurrent.FutureTask.run(FutureTask.java:262)
	at java.util.concurrent.ThreadPoolExecutor.runWorker(ThreadPoolExecutor.java:1145)
	at java.util.concurrent.ThreadPoolExecutor$Worker.run(ThreadPoolExecutor.java:615)
	at java.lang.Thread.run(Thread.java:745)
Caused by: java.lang.ClassNotFoundException: net.sf.json.JSONException
	at java.net.URLClassLoader$1.run(URLClassLoader.java:366)
	at java.net.URLClassLoader$1.run(URLClassLoader.java:355)
	at java.security.AccessController.doPrivileged(Native Method)
	at java.net.URLClassLoader.findClass(URLClassLoader.java:354)
	at java.lang.ClassLoader.loadClass(ClassLoader.java:425)
	at sun.misc.Launcher$AppClassLoader.loadClass(Launcher.java:308)
	at java.lang.ClassLoader.loadClass(ClassLoader.java:358)
	... 19 more
2016-05-11 12:42:44,020 ERROR [errorlog] java.lang.NullPointerException: Cannot get property 'length' on null object
java.lang.NullPointerException: Cannot get property 'length' on null object
	at org.codehaus.groovy.runtime.NullObject.getProperty(NullObject.java:56)
	at org.codehaus.groovy.runtime.InvokerHelper.getProperty(InvokerHelper.java:156)
	at org.codehaus.groovy.runtime.callsite.NullCallSite.getProperty(NullCallSite.java:44)
	at org.codehaus.groovy.runtime.callsite.AbstractCallSite.callGetProperty(AbstractCallSite.java:227)
	at Script1.run(Script1.groovy:20)
	at com.eviware.soapui.support.scripting.groovy.SoapUIGroovyScriptEngine.run(SoapUIGroovyScriptEngine.java:100)
	at com.eviware.soapui.impl.wsdl.WsdlTestSuite.runTearDownScript(WsdlTestSuite.java:533)
	at com.eviware.soapui.impl.wsdl.testcase.WsdlTestSuiteRunner.internalFinally(WsdlTestSuiteRunner.java:188)
	at com.eviware.soapui.impl.wsdl.testcase.WsdlTestSuiteRunner.internalFinally(WsdlTestSuiteRunner.java:46)
	at com.eviware.soapui.impl.wsdl.support.AbstractTestRunner.run(AbstractTestRunner.java:167)
	at com.eviware.soapui.impl.wsdl.support.AbstractTestRunner.start(AbstractTestRunner.java:81)
	at com.eviware.soapui.impl.wsdl.WsdlTestSuite.run(WsdlTestSuite.java:732)
	at com.xavient.soapui.process.SoapUiServiceResult.executeSoap(SoapUiServiceResult.java:266)
	at com.xavient.soapui.process.SoapUiServiceResult.main(SoapUiServiceResult.java:464)
2016-05-11 13:01:32,047 ERROR [errorlog] java.lang.NullPointerException: Cannot get property 'length' on null object
java.lang.NullPointerException: Cannot get property 'length' on null object
	at org.codehaus.groovy.runtime.NullObject.getProperty(NullObject.java:56)
	at org.codehaus.groovy.runtime.InvokerHelper.getProperty(InvokerHelper.java:156)
	at org.codehaus.groovy.runtime.callsite.NullCallSite.getProperty(NullCallSite.java:44)
	at org.codehaus.groovy.runtime.callsite.AbstractCallSite.callGetProperty(AbstractCallSite.java:227)
	at Script1.run(Script1.groovy:20)
	at com.eviware.soapui.support.scripting.groovy.SoapUIGroovyScriptEngine.run(SoapUIGroovyScriptEngine.java:100)
	at com.eviware.soapui.impl.wsdl.WsdlTestSuite.runTearDownScript(WsdlTestSuite.java:533)
	at com.eviware.soapui.impl.wsdl.testcase.WsdlTestSuiteRunner.internalFinally(WsdlTestSuiteRunner.java:188)
	at com.eviware.soapui.impl.wsdl.testcase.WsdlTestSuiteRunner.internalFinally(WsdlTestSuiteRunner.java:46)
	at com.eviware.soapui.impl.wsdl.support.AbstractTestRunner.run(AbstractTestRunner.java:167)
	at com.eviware.soapui.impl.wsdl.support.AbstractTestRunner.start(AbstractTestRunner.java:81)
	at com.eviware.soapui.impl.wsdl.WsdlTestSuite.run(WsdlTestSuite.java:732)
	at com.xavient.soapui.process.SoapUiServiceResult.executeSoap(SoapUiServiceResult.java:266)
	at com.xavient.soapui.process.SoapUiServiceResult.main(SoapUiServiceResult.java:464)
2016-05-11 13:03:22,251 ERROR [errorlog] java.lang.NullPointerException: Cannot get property 'length' on null object
java.lang.NullPointerException: Cannot get property 'length' on null object
	at org.codehaus.groovy.runtime.NullObject.getProperty(NullObject.java:56)
	at org.codehaus.groovy.runtime.InvokerHelper.getProperty(InvokerHelper.java:156)
	at org.codehaus.groovy.runtime.callsite.NullCallSite.getProperty(NullCallSite.java:44)
	at org.codehaus.groovy.runtime.callsite.AbstractCallSite.callGetProperty(AbstractCallSite.java:227)
	at Script1.run(Script1.groovy:20)
	at com.eviware.soapui.support.scripting.groovy.SoapUIGroovyScriptEngine.run(SoapUIGroovyScriptEngine.java:100)
	at com.eviware.soapui.impl.wsdl.WsdlTestSuite.runTearDownScript(WsdlTestSuite.java:533)
	at com.eviware.soapui.impl.wsdl.testcase.WsdlTestSuiteRunner.internalFinally(WsdlTestSuiteRunner.java:188)
	at com.eviware.soapui.impl.wsdl.testcase.WsdlTestSuiteRunner.internalFinally(WsdlTestSuiteRunner.java:46)
	at com.eviware.soapui.impl.wsdl.support.AbstractTestRunner.run(AbstractTestRunner.java:167)
	at com.eviware.soapui.impl.wsdl.support.AbstractTestRunner.start(AbstractTestRunner.java:81)
	at com.eviware.soapui.impl.wsdl.WsdlTestSuite.run(WsdlTestSuite.java:732)
	at com.xavient.soapui.process.SoapUiServiceResult.executeSoap(SoapUiServiceResult.java:266)
	at com.xavient.soapui.process.SoapUiServiceResult.main(SoapUiServiceResult.java:464)
2016-05-11 13:17:08,112 ERROR [errorlog] java.lang.NullPointerException: Cannot get property 'length' on null object
java.lang.NullPointerException: Cannot get property 'length' on null object
	at org.codehaus.groovy.runtime.NullObject.getProperty(NullObject.java:56)
	at org.codehaus.groovy.runtime.InvokerHelper.getProperty(InvokerHelper.java:156)
	at org.codehaus.groovy.runtime.callsite.NullCallSite.getProperty(NullCallSite.java:44)
	at org.codehaus.groovy.runtime.callsite.AbstractCallSite.callGetProperty(AbstractCallSite.java:227)
	at Script1.run(Script1.groovy:20)
	at com.eviware.soapui.support.scripting.groovy.SoapUIGroovyScriptEngine.run(SoapUIGroovyScriptEngine.java:100)
	at com.eviware.soapui.impl.wsdl.WsdlTestSuite.runTearDownScript(WsdlTestSuite.java:533)
	at com.eviware.soapui.impl.wsdl.testcase.WsdlTestSuiteRunner.internalFinally(WsdlTestSuiteRunner.java:188)
	at com.eviware.soapui.impl.wsdl.testcase.WsdlTestSuiteRunner.internalFinally(WsdlTestSuiteRunner.java:46)
	at com.eviware.soapui.impl.wsdl.support.AbstractTestRunner.run(AbstractTestRunner.java:167)
	at com.eviware.soapui.impl.wsdl.support.AbstractTestRunner.start(AbstractTestRunner.java:81)
	at com.eviware.soapui.impl.wsdl.WsdlTestSuite.run(WsdlTestSuite.java:732)
	at com.xavient.soapui.process.SoapUiServiceResult.executeSoap(SoapUiServiceResult.java:266)
	at com.xavient.soapui.process.SoapUiServiceResult.main(SoapUiServiceResult.java:464)
